(T)ERROR,
#Horror,
#realityhigh,
#Rucker50,
009 RE:Cyborg,
1 Chance 2 Dance,
1 Mile to You,
1 Night,
10 jours en or,
10 Years,
100 Men,
100 Meters,
The 100 Years Show,
1000 Rupee Note,
The 101-Year-Old Man Who Skipped Out on the Bill and Disappeared,
13 Going on 30,
13TH,
14 Minutes from Earth,
1898: Our Last Men in the Philippines,
1920,
1920 London,
1922,
2 Alone in Paris,
2 Guns,
2 States,
2012,
2015 Dream Concert,
20th Century Women,
21,
21 & Over,
211,
22 July,
23:59,
24 Hours to Live,
25 Kille,
26 Years,
27: Gone Too Soon,
A 2nd Chance,
3 Days to Kill,
3 Heroines,
3 Ninjas: Kick Back,
3 Türken & ein Baby,
30 Days in September,
30 Days of Night,
30 Minutes or Less,
3096 Tage,
The 34th,
The 36th Chamber of Shaolin,
The 3rd Eye,
40 Days and 40 Nights,
The 40-Year-Old Virgin,
42 Grams,
44 Pages,
47 Metres Down,
47 Ronin,
48 Christmas Wishes,
The 4th Company,
4th Man Out,
5 Cowok Jagoan,
5 Star Christmas,
5CM,
6 Balloons,
6 Days,
6 Years,
6-5=2,
The 6th Day,
7 años,
7 Khoon Maaf,
7:19,
99,
Aadu 2,
Aagey Se Right,
Aajcha Divas Majha,
Aakhri Adaalat,
Aalorukkam,
Aamir,
Aankhen,
Aashayein,
Aashik Awara,
Aata Pita,
Ab Tak Chhappan,
Ab Tak Chhappan 2,
Abby Sen,
ABCD 2,
ABCD: Any Body Can Dance,
Abducted in Plain Sight,
Abdullah, The Final Witness,
Abhinetri,
About a Boy,
About Time,
Abzurdah,
Acapulco La vida va,
Accident,
Accidental Courtesy,
Ace Ventura: Pet Detective,
Ace Ventura: When Nature Calls,
Across Grace Alley,
Act of Valour,
Act of Vengeance,
Action Replayy,
Acts of Vengeance,
Acts of Violence,
Addicted to Sexting,
Adhugo,
Admission,
Advantageous,
The Adventure Club,
Adventureland,
The Adventures of Priscilla, Queen of the Desert,
The Adventures of Sharkboy and Lavagirl,
The Adventures of the American Rabbit,
Ae Fond Kiss...,
The African Doctor,
The After Party,
After Porn Ends 2,
After Porn Ends 3,
Agadbam,
Again Kasargod Khader Bai,
Agent Cody Banks 2: Destination London,
Agyaat,
Air Bud: Spikes Back,
Air Bud: World Pup,
Air Buddies,
Airlift,
Aisa Yeh Jahaan,
Aitraaz,
Aiyaary,
Aiyyaa,
Ajab Prem Ki Ghazab Kahani,
Ajji,
Albion: The Enchanted Stallion,
Alejandro Sanz: What I Was Is What I Am,
Alex Strangelove,
Ali Baba ve 7 Cüceler,
Ali G Indahouse,
Ali's Wedding,
Alias JJ, la celebridad del mal,
Alibaba,
Alibaba Aur 40 Chor,
Alien Abduction,
Alien Autopsy: Fact or Fiction?,
Alien Contact: Outer Space,
Alien Mummies,
Alienator,
Alive and Kicking,
All Eyez on Me,
All Hallows' Eve,
All I See Is You,
All Is Lost,
All of You,
All the Queen's Horses,
All the Reasons to Forget,
All Work All Play,
Allied,
Almost Adults,
Almost Christmas,
Almost Friends,
Aloha,
Alone in Berlin,
Along Came Polly,
Alpha & Omega: Journey to Bear Kingdom,
Alpha and Omega,
AlphaGo,
Alvin and the Chipmunks Meet the Wolfman,
Amanda Knox,
Amar,
Amar Akbar & Tony,
Amateur,
America 3000,
American Anarchist,
American Assassin,
American Circumcision,
American Experience: Rachel Carson,
American Experience: Tesla,
American Experience: The Battle of Chosin,
American Experience: The Race Underground,
American Fable,
An American Girl: McKenna Shoots for the Stars,
American Honey,
An American in Madras,
The American Meme,
American Ninja 4: The Annihilation,
American Pie Presents: Band Camp,
American Pie Presents: Beta House,
American Poltergeist,
American Poltergeist 2,
American Psycho,
An American Tail,
American Violence,
The Amityville Horror,
Amnesia,
Amok,
Among the Believers,
Amrapali,
Amu,
Anarkali of Aarah,
And Breathe Normally,
Andaz Apna Apna,
Andhadhun,
Angamaly Diaries,
The Angel,
Angel of Christmas,
Angela's Ashes,
Angela's Christmas,
Anger Management,
Angry Indian Goddesses,
Angus, Thongs and Perfect Snogging,
Animal World,
Animas,
Animism,
Anjaan,
Ankhon Dekhi,
Ankur Arora Murder Case,
Annabelle Hooper and the Ghosts of Nantucket,
Annayum Rasoolum,
Annie,
Annie Hall,
Annihilation,
The Anomaly,
Another Forever,
Another Mother's Son,
Ant Story,
Anthony Joshua: The Road to Klitschko,
Anthony Kaun Hai?,
Anti-Social,
Anvil: The Story of Anvil,
Apartment: Rent at Your Own Risk,
APEX: The Story of the Hypercar,
The Apostate,
Apostle,
Approaching the Unknown,
April Fool's Day,
Aquarius,
Aram, Aram,
The Arbitration,
Arctic Heart,
Are We There Yet?,
Arena,
Arès,
Arisan! 2
